<?xml version="1.0" encoding="UTF-8"?>
<!-- Generated by org.testng.reporters.JUnitReportReporter -->
<testsuite hostname="DESKTOP-AH69LGK" failures="0" tests="2" name="TestRunners.TestRunner2" time="37.229" errors="0" timestamp="8 Jun 2022 00:24:05 GMT">
  <testcase classname="TestRunners.TestRunner2" name="runScenario" time="17.079"/>
  <testcase classname="TestRunners.TestRunner2" name="runScenario" time="20.150"/>
</testsuite> <!-- TestRunners.TestRunner2 -->
