<?xml version="1.0" encoding="UTF-8"?>
<!-- Generated by org.testng.reporters.JUnitReportReporter -->
<testsuite hostname="DESKTOP-AH69LGK" failures="0" tests="1" name="TestRunners.testRunner" time="16.921" errors="0" timestamp="7 Jun 2022 21:25:16 GMT">
  <testcase classname="TestRunners.testRunner" name="runScenario" time="16.921"/>
</testsuite> <!-- TestRunners.testRunner -->
