<?xml version="1.0" encoding="UTF-8"?>
<!-- Generated by org.testng.reporters.JUnitReportReporter -->
<testsuite hostname="DESKTOP-AH69LGK" failures="0" tests="1" name="com.test.testRunner" time="17.668" errors="0" timestamp="7 Jun 2022 21:07:20 GMT">
  <testcase classname="com.test.testRunner" name="runScenario" time="17.668"/>
</testsuite> <!-- com.test.testRunner -->
